<?xml version="1.0" encoding="UTF-8"?>
<!-- Generated by org.testng.reporters.JUnitReportReporter -->
<testsuite hostname="Stephy" failures="0" tests="1" name="testpckg.Loginvalidation" time="38.753" errors="0" timestamp="2024-02-26T23:04:51 IST" skipped="0">
  <testcase classname="testpckg.Loginvalidation" name="Login" time="38.753"/>
  <system-out/>
</testsuite> <!-- testpckg.Loginvalidation -->
