<?xml version="1.0" encoding="UTF-8"?>
<!-- Generated by org.testng.reporters.JUnitReportReporter -->
<testsuite hostname="Stephy" failures="0" tests="1" name="test.Fblogintest" time="0.865" errors="0" timestamp="2024-03-06T09:59:15 IST" skipped="0">
  <testcase classname="test.Fblogintest" name="testlogin" time="0.865"/>
  <system-out/>
</testsuite> <!-- test.Fblogintest -->
