<?xml version="1.0" encoding="UTF-8"?>
<!-- Generated by org.testng.reporters.JUnitReportReporter -->
<testsuite hostname="Stephy" failures="0" tests="1" name="testpckg.Facebook" time="23.297" errors="0" timestamp="2024-02-20T22:01:51 IST" skipped="0">
  <testcase classname="testpckg.Facebook" name="test" time="23.297"/>
  <system-out/>
</testsuite> <!-- testpckg.Facebook -->
