<?xml version="1.0" encoding="UTF-8"?>
<!-- Generated by org.testng.reporters.JUnitReportReporter -->
<testsuite hostname="Stephy" failures="0" tests="1" name="testpckg.Ebay" time="8.222" errors="0" timestamp="2024-02-28T22:26:59 IST" skipped="0">
  <testcase classname="testpckg.Ebay" name="mousemthd" time="8.222"/>
  <system-out/>
</testsuite> <!-- testpckg.Ebay -->
