<?xml version="1.0" encoding="UTF-8"?>
<!-- Generated by org.testng.reporters.JUnitReportReporter -->
<testsuite hostname="Stephy" failures="0" tests="3" name="testpckg.Crossbroswertest" time="31.912" errors="0" timestamp="2024-02-20T22:57:06 IST" skipped="0">
  <testcase classname="testpckg.Crossbroswertest" name="test" time="8.448"/>
  <system-out/>
  <testcase classname="testpckg.Crossbroswertest" name="test" time="16.927"/>
  <system-out/>
  <testcase classname="testpckg.Crossbroswertest" name="test" time="6.537"/>
  <system-out/>
</testsuite> <!-- testpckg.Crossbroswertest -->
