<?xml version="1.0" encoding="UTF-8"?>
<!-- Generated by org.testng.reporters.JUnitReportReporter -->
<testsuite hostname="Stephy" failures="0" tests="1" name="testpckg.Trivago" time="45.457" errors="0" timestamp="2024-03-01T23:18:41 IST" skipped="0">
  <testcase classname="testpckg.Trivago" name="test" time="45.457"/>
  <system-out/>
</testsuite> <!-- testpckg.Trivago -->
