<?xml version="1.0" encoding="UTF-8"?>
<!-- Generated by org.testng.reporters.JUnitReportReporter -->
<testsuite hostname="Stephy" failures="0" tests="1" name="testpckg.Copypaste" time="0.955" errors="0" timestamp="2024-02-22T21:59:13 IST" skipped="0">
  <testcase classname="testpckg.Copypaste" name="copypastemthd" time="0.955"/>
  <system-out/>
</testsuite> <!-- testpckg.Copypaste -->
