<?xml version="1.0" encoding="UTF-8"?>
<!-- Generated by org.testng.reporters.JUnitReportReporter -->
<testsuite hostname="Stephy" failures="0" tests="5" name="testpckg.Rediff" time="11.925" errors="0" timestamp="2024-02-18T22:46:00 IST" skipped="0">
  <testcase classname="testpckg.Rediff" name="title" time="1.007"/>
  <system-out/>
  <testcase classname="testpckg.Rediff" name="logoverification" time="1.446"/>
  <system-out/>
  <testcase classname="testpckg.Rediff" name="contentverify" time="7.194"/>
  <system-out/>
  <testcase classname="testpckg.Rediff" name="buttonverify" time="1.189"/>
  <system-out/>
  <testcase classname="testpckg.Rediff" name="buttontextverify" time="1.089"/>
  <system-out/>
</testsuite> <!-- testpckg.Rediff -->
