<?xml version="1.0" encoding="UTF-8"?>
<!-- Generated by org.testng.reporters.JUnitReportReporter -->
<testsuite hostname="Stephy" failures="0" tests="1" name="testpckg.Demoguru" time="0.148" errors="0" timestamp="2024-02-22T20:36:07 IST" skipped="0">
  <testcase classname="testpckg.Demoguru" name="draganddrop" time="0.148"/>
  <system-out/>
</testsuite> <!-- testpckg.Demoguru -->
