<?xml version="1.0" encoding="UTF-8"?>
<!-- Generated by org.testng.reporters.JUnitReportReporter -->
<testsuite hostname="Stephy" failures="0" tests="1" name="test.Fbcreatetest" time="6.123" errors="0" timestamp="2024-03-06T11:17:14 IST" skipped="0">
  <testcase classname="test.Fbcreatetest" name="test2" time="6.123"/>
  <system-out/>
</testsuite> <!-- test.Fbcreatetest -->
