<?xml version="1.0" encoding="UTF-8"?>
<!-- Generated by org.testng.reporters.JUnitReportReporter -->
<testsuite hostname="Stephy" failures="0" tests="1" name="testpckg.Fileuploadautoit" time="18.677" errors="0" timestamp="2024-02-26T23:31:09 IST" skipped="0">
  <testcase classname="testpckg.Fileuploadautoit" name="main" time="18.677"/>
  <system-out/>
</testsuite> <!-- testpckg.Fileuploadautoit -->
