<?xml version="1.0" encoding="UTF-8"?>
<!-- Generated by org.testng.reporters.JUnitReportReporter -->
<testsuite hostname="Stephy" failures="0" tests="1" name="testpckg.Parameterization" time="0.014" errors="0" timestamp="2024-02-20T21:05:55 IST" skipped="0">
  <testcase classname="testpckg.Parameterization" name="test" time="0.014"/>
  <system-out/>
</testsuite> <!-- testpckg.Parameterization -->
