<?xml version="1.0" encoding="UTF-8"?>
<!-- Generated by org.testng.reporters.JUnitReportReporter -->
<testsuite hostname="Stephy" failures="0" tests="1" name="testpckg.Rightclick" time="5.846" errors="0" timestamp="2024-02-23T10:26:24 IST" skipped="0">
  <testcase classname="testpckg.Rightclick" name="rightclickmthd" time="5.846"/>
  <system-out/>
</testsuite> <!-- testpckg.Rightclick -->
