<?xml version="1.0" encoding="UTF-8"?>
<!-- Generated by org.testng.reporters.JUnitReportReporter -->
<testsuite hostname="Stephy" failures="0" tests="1" name="testpckg.Datadriventest" time="27.432" errors="0" timestamp="2024-03-10T22:28:29 IST" skipped="0">
  <testcase classname="testpckg.Datadriventest" name="datadriven" time="27.432"/>
  <system-out/>
</testsuite> <!-- testpckg.Datadriventest -->
