<?xml version="1.0" encoding="UTF-8"?>
<!-- Generated by org.testng.reporters.JUnitReportReporter -->
<testsuite hostname="Stephy" failures="0" tests="1" name="testpckg.Datepicker" time="8.604" errors="0" timestamp="2024-03-01T23:00:50 IST" skipped="0">
  <testcase classname="testpckg.Datepicker" name="test" time="8.604"/>
  <system-out/>
</testsuite> <!-- testpckg.Datepicker -->
