<?xml version="1.0" encoding="UTF-8"?>
<!-- Generated by org.testng.reporters.JUnitReportReporter -->
<testsuite hostname="Stephy" failures="0" tests="1" name="testpckg.Jd" time="37.356" errors="0" timestamp="2024-02-28T23:43:28 IST" skipped="0">
  <testcase classname="testpckg.Jd" name="test" time="37.356"/>
  <system-out/>
</testsuite> <!-- testpckg.Jd -->
