<?xml version="1.0" encoding="UTF-8"?>
<!-- Generated by org.testng.reporters.JUnitReportReporter -->
<testsuite hostname="Stephy" failures="0" tests="1" name="testpckg.Fileupload" time="5.732" errors="0" timestamp="2024-02-25T21:09:10 IST" skipped="0">
  <testcase classname="testpckg.Fileupload" name="fileuploadmthd" time="5.732"/>
  <system-out/>
</testsuite> <!-- testpckg.Fileupload -->
