<?xml version="1.0" encoding="UTF-8"?>
<!-- Generated by org.testng.reporters.JUnitReportReporter -->
<testsuite hostname="Stephy" failures="0" tests="5" name="testpckg.Testngdemo" time="0.013" errors="0" timestamp="2024-02-15T22:21:08 IST" skipped="1">
  <testcase classname="testpckg.Testngdemo" name="test2" time="0.008"/>
  <system-out/>
  <testcase classname="testpckg.Testngdemo" name="test1" time="0.002"/>
  <system-out/>
  <testcase classname="testpckg.Testngdemo" name="test1" time="0.002"/>
  <system-out/>
  <testcase classname="testpckg.Testngdemo" name="test1" time="0.001"/>
  <system-out/>
  <testcase classname="testpckg.Testngdemo" name="test3">
    <skipped/>
  </testcase> <!-- test3 -->
  <system-out/>
</testsuite> <!-- testpckg.Testngdemo -->
