<?xml version="1.0" encoding="UTF-8"?>
<!-- Generated by org.testng.reporters.JUnitReportReporter -->
<testsuite hostname="Stephy" failures="0" tests="1" name="testpckg.Multiplewindowhandle" time="10.950" errors="0" timestamp="2024-02-27T09:37:11 IST" skipped="0">
  <testcase classname="testpckg.Multiplewindowhandle" name="test" time="10.950"/>
  <system-out/>
</testsuite> <!-- testpckg.Multiplewindowhandle -->
