<?xml version="1.0" encoding="UTF-8"?>
<!-- Generated by org.testng.reporters.JUnitReportReporter -->
<testsuite hostname="Stephy" failures="0" tests="3" name="testpckg.Grouping" time="6.430" errors="0" timestamp="2024-02-16T12:38:46 IST" skipped="0">
  <testcase classname="testpckg.Grouping" name="logoverification" time="0.820"/>
  <system-out/>
  <testcase classname="testpckg.Grouping" name="buttonverify" time="0.640"/>
  <system-out/>
  <testcase classname="testpckg.Grouping" name="contentverify" time="4.970"/>
  <system-out/>
</testsuite> <!-- testpckg.Grouping -->
