<?xml version="1.0" encoding="UTF-8"?>
<!-- Generated by org.testng.reporters.JUnitReportReporter -->
<testsuite hostname="Stephy" failures="0" tests="1" name="testpckg.Draganddrop" time="1.574" errors="0" timestamp="2024-02-22T23:28:55 IST" skipped="0">
  <testcase classname="testpckg.Draganddrop" name="draganddropmthd" time="1.574"/>
  <system-out/>
</testsuite> <!-- testpckg.Draganddrop -->
